mode: atomic
github.com/javiertelioz/clean_architecture/pkg/application/dto/payment/create_transaction_dto.go:25.75,35.34 2 2
github.com/javiertelioz/clean_architecture/pkg/application/dto/payment/create_transaction_dto.go:35.34,37.3 1 1
github.com/javiertelioz/clean_architecture/pkg/application/dto/payment/create_transaction_dto.go:39.2,39.13 1 2
github.com/javiertelioz/clean_architecture/pkg/domain/entities/payment/options.go:11.49,13.27 2 2
github.com/javiertelioz/clean_architecture/pkg/domain/entities/payment/options.go:13.27,15.3 1 13
github.com/javiertelioz/clean_architecture/pkg/domain/entities/payment/options.go:16.2,16.10 1 2
github.com/javiertelioz/clean_architecture/pkg/domain/entities/payment/options.go:19.38,20.26 1 0
github.com/javiertelioz/clean_architecture/pkg/domain/entities/payment/options.go:20.26,22.3 1 0
github.com/javiertelioz/clean_architecture/pkg/domain/entities/payment/options.go:25.59,26.26 1 2
github.com/javiertelioz/clean_architecture/pkg/domain/entities/payment/options.go:26.26,28.3 1 2
github.com/javiertelioz/clean_architecture/pkg/domain/entities/payment/options.go:31.46,32.26 1 2
github.com/javiertelioz/clean_architecture/pkg/domain/entities/payment/options.go:32.26,34.3 1 2
github.com/javiertelioz/clean_architecture/pkg/domain/entities/payment/options.go:37.59,38.26 1 2
github.com/javiertelioz/clean_architecture/pkg/domain/entities/payment/options.go:38.26,40.3 1 2
github.com/javiertelioz/clean_architecture/pkg/domain/entities/payment/options.go:43.70,44.26 1 0
github.com/javiertelioz/clean_architecture/pkg/domain/entities/payment/options.go:44.26,46.3 1 0
github.com/javiertelioz/clean_architecture/pkg/domain/entities/payment/options.go:49.57,50.26 1 1
github.com/javiertelioz/clean_architecture/pkg/domain/entities/payment/options.go:50.26,51.54 1 1
github.com/javiertelioz/clean_architecture/pkg/domain/entities/payment/options.go:51.54,53.4 1 0
github.com/javiertelioz/clean_architecture/pkg/domain/entities/payment/options.go:54.3,54.30 1 1
github.com/javiertelioz/clean_architecture/pkg/domain/entities/payment/options.go:58.62,59.26 1 2
github.com/javiertelioz/clean_architecture/pkg/domain/entities/payment/options.go:59.26,60.54 1 2
github.com/javiertelioz/clean_architecture/pkg/domain/entities/payment/options.go:60.54,62.4 1 2
github.com/javiertelioz/clean_architecture/pkg/domain/entities/payment/options.go:63.3,63.37 1 2
github.com/javiertelioz/clean_architecture/pkg/domain/entities/payment/options.go:67.66,68.26 1 2
github.com/javiertelioz/clean_architecture/pkg/domain/entities/payment/options.go:68.26,69.54 1 2
github.com/javiertelioz/clean_architecture/pkg/domain/entities/payment/options.go:69.54,71.4 1 0
github.com/javiertelioz/clean_architecture/pkg/domain/entities/payment/options.go:72.3,72.41 1 2
github.com/javiertelioz/clean_architecture/pkg/domain/entities/payment/options.go:76.66,77.26 1 2
github.com/javiertelioz/clean_architecture/pkg/domain/entities/payment/options.go:77.26,78.54 1 2
github.com/javiertelioz/clean_architecture/pkg/domain/entities/payment/options.go:78.54,80.4 1 0
github.com/javiertelioz/clean_architecture/pkg/domain/entities/payment/options.go:81.3,81.41 1 2
github.com/javiertelioz/clean_architecture/pkg/domain/entities/payment/payment.go:16.34,18.2 1 0
github.com/javiertelioz/clean_architecture/pkg/domain/entities/payment/payment.go:20.51,22.2 1 1
github.com/javiertelioz/clean_architecture/pkg/domain/entities/payment/payment.go:24.38,26.2 1 1
github.com/javiertelioz/clean_architecture/pkg/domain/entities/payment/payment.go:28.51,30.2 1 1
github.com/javiertelioz/clean_architecture/pkg/domain/entities/payment/payment.go:32.63,34.2 1 5
github.com/javiertelioz/clean_architecture/pkg/domain/entities/payment/payment.go:36.55,39.62 2 0
github.com/javiertelioz/clean_architecture/pkg/domain/entities/payment/payment.go:39.62,41.3 1 0
github.com/javiertelioz/clean_architecture/pkg/domain/entities/payment/payment.go:42.2,42.62 1 0
github.com/javiertelioz/clean_architecture/pkg/domain/entities/payment/payment.go:42.62,44.3 1 0
github.com/javiertelioz/clean_architecture/pkg/domain/entities/payment/payment.go:45.2,45.74 1 0
github.com/javiertelioz/clean_architecture/pkg/domain/entities/payment/payment.go:45.74,47.3 1 0
github.com/javiertelioz/clean_architecture/pkg/domain/entities/payment/payment.go:48.2,48.20 1 0
github.com/javiertelioz/clean_architecture/pkg/domain/entities/payment/payment.go:48.20,50.3 1 0
github.com/javiertelioz/clean_architecture/pkg/domain/entities/payment/payment.go:52.2,52.13 1 0
github.com/javiertelioz/clean_architecture/pkg/domain/entities/payment/value_object/amount.go:7.56,8.17 1 0
github.com/javiertelioz/clean_architecture/pkg/domain/entities/payment/value_object/amount.go:8.17,10.3 1 0
github.com/javiertelioz/clean_architecture/pkg/domain/entities/payment/value_object/amount.go:11.2,11.12 1 0
github.com/javiertelioz/clean_architecture/pkg/domain/entities/payment/value_object/method.go:11.56,12.45 1 0
github.com/javiertelioz/clean_architecture/pkg/domain/entities/payment/value_object/method.go:12.45,14.3 1 0
github.com/javiertelioz/clean_architecture/pkg/domain/entities/payment/value_object/method.go:15.2,15.12 1 0
github.com/javiertelioz/clean_architecture/pkg/domain/entities/payment/value_object/traceability.go:15.63,16.83 1 0
github.com/javiertelioz/clean_architecture/pkg/domain/entities/payment/value_object/traceability.go:16.83,18.3 1 0
github.com/javiertelioz/clean_architecture/pkg/domain/entities/payment/value_object/traceability.go:19.2,19.12 1 0
github.com/javiertelioz/clean_architecture/pkg/domain/entities/shared/domain_error.go:11.87,19.2 1 0
github.com/javiertelioz/clean_architecture/pkg/domain/entities/shared/domain_error.go:21.38,23.2 1 0
github.com/javiertelioz/clean_architecture/pkg/domain/entities/shared/validation_errors.go:9.51,11.2 1 0
github.com/javiertelioz/clean_architecture/pkg/domain/entities/shared/validation_errors.go:13.44,15.32 2 0
github.com/javiertelioz/clean_architecture/pkg/domain/entities/shared/validation_errors.go:15.32,17.3 1 0
github.com/javiertelioz/clean_architecture/pkg/domain/entities/shared/validation_errors.go:18.2,18.37 1 0
github.com/javiertelioz/clean_architecture/pkg/domain/entities/shared/validation_errors.go:21.46,23.2 1 0
github.com/javiertelioz/clean_architecture/pkg/domain/entities/shared/validation_errors.go:25.44,27.2 1 0
github.com/javiertelioz/clean_architecture/pkg/application/dto/payment/create_transaction_dto.go:25.75,35.34 2 0
github.com/javiertelioz/clean_architecture/pkg/application/dto/payment/create_transaction_dto.go:35.34,37.3 1 0
github.com/javiertelioz/clean_architecture/pkg/application/dto/payment/create_transaction_dto.go:39.2,39.13 1 0
github.com/javiertelioz/clean_architecture/pkg/application/use_cases/hello/hello_use_case.go:11.38,13.2 1 3
github.com/javiertelioz/clean_architecture/pkg/application/use_cases/hello/hello_use_case.go:15.71,21.2 1 3
github.com/javiertelioz/clean_architecture/pkg/application/use_cases/payment/create_payment_use_case.go:13.100,17.2 1 0
github.com/javiertelioz/clean_architecture/pkg/application/use_cases/payment/create_payment_use_case.go:19.100,23.21 3 0
github.com/javiertelioz/clean_architecture/pkg/application/use_cases/payment/create_payment_use_case.go:23.21,25.3 1 0
github.com/javiertelioz/clean_architecture/pkg/application/use_cases/payment/create_payment_use_case.go:27.2,28.16 2 0
github.com/javiertelioz/clean_architecture/pkg/application/use_cases/payment/create_payment_use_case.go:28.16,30.3 1 0
github.com/javiertelioz/clean_architecture/pkg/application/use_cases/payment/create_payment_use_case.go:32.2,32.28 1 0
github.com/javiertelioz/clean_architecture/pkg/domain/entities/payment/options.go:11.49,13.27 2 0
github.com/javiertelioz/clean_architecture/pkg/domain/entities/payment/options.go:13.27,15.3 1 0
github.com/javiertelioz/clean_architecture/pkg/domain/entities/payment/options.go:16.2,16.10 1 0
github.com/javiertelioz/clean_architecture/pkg/domain/entities/payment/options.go:19.38,20.26 1 0
github.com/javiertelioz/clean_architecture/pkg/domain/entities/payment/options.go:20.26,22.3 1 0
github.com/javiertelioz/clean_architecture/pkg/domain/entities/payment/options.go:25.59,26.26 1 0
github.com/javiertelioz/clean_architecture/pkg/domain/entities/payment/options.go:26.26,28.3 1 0
github.com/javiertelioz/clean_architecture/pkg/domain/entities/payment/options.go:31.46,32.26 1 0
github.com/javiertelioz/clean_architecture/pkg/domain/entities/payment/options.go:32.26,34.3 1 0
github.com/javiertelioz/clean_architecture/pkg/domain/entities/payment/options.go:37.59,38.26 1 0
github.com/javiertelioz/clean_architecture/pkg/domain/entities/payment/options.go:38.26,40.3 1 0
github.com/javiertelioz/clean_architecture/pkg/domain/entities/payment/options.go:43.70,44.26 1 0
github.com/javiertelioz/clean_architecture/pkg/domain/entities/payment/options.go:44.26,46.3 1 0
github.com/javiertelioz/clean_architecture/pkg/domain/entities/payment/options.go:49.57,50.26 1 0
github.com/javiertelioz/clean_architecture/pkg/domain/entities/payment/options.go:50.26,51.54 1 0
github.com/javiertelioz/clean_architecture/pkg/domain/entities/payment/options.go:51.54,53.4 1 0
github.com/javiertelioz/clean_architecture/pkg/domain/entities/payment/options.go:54.3,54.30 1 0
github.com/javiertelioz/clean_architecture/pkg/domain/entities/payment/options.go:58.62,59.26 1 0
github.com/javiertelioz/clean_architecture/pkg/domain/entities/payment/options.go:59.26,60.54 1 0
github.com/javiertelioz/clean_architecture/pkg/domain/entities/payment/options.go:60.54,62.4 1 0
github.com/javiertelioz/clean_architecture/pkg/domain/entities/payment/options.go:63.3,63.37 1 0
github.com/javiertelioz/clean_architecture/pkg/domain/entities/payment/options.go:67.66,68.26 1 0
github.com/javiertelioz/clean_architecture/pkg/domain/entities/payment/options.go:68.26,69.54 1 0
github.com/javiertelioz/clean_architecture/pkg/domain/entities/payment/options.go:69.54,71.4 1 0
github.com/javiertelioz/clean_architecture/pkg/domain/entities/payment/options.go:72.3,72.41 1 0
github.com/javiertelioz/clean_architecture/pkg/domain/entities/payment/options.go:76.66,77.26 1 0
github.com/javiertelioz/clean_architecture/pkg/domain/entities/payment/options.go:77.26,78.54 1 0
github.com/javiertelioz/clean_architecture/pkg/domain/entities/payment/options.go:78.54,80.4 1 0
github.com/javiertelioz/clean_architecture/pkg/domain/entities/payment/options.go:81.3,81.41 1 0
github.com/javiertelioz/clean_architecture/pkg/domain/entities/payment/payment.go:16.34,18.2 1 0
github.com/javiertelioz/clean_architecture/pkg/domain/entities/payment/payment.go:20.51,22.2 1 0
github.com/javiertelioz/clean_architecture/pkg/domain/entities/payment/payment.go:24.38,26.2 1 0
github.com/javiertelioz/clean_architecture/pkg/domain/entities/payment/payment.go:28.51,30.2 1 0
github.com/javiertelioz/clean_architecture/pkg/domain/entities/payment/payment.go:32.63,34.2 1 0
github.com/javiertelioz/clean_architecture/pkg/domain/entities/payment/payment.go:36.55,39.62 2 0
github.com/javiertelioz/clean_architecture/pkg/domain/entities/payment/payment.go:39.62,41.3 1 0
github.com/javiertelioz/clean_architecture/pkg/domain/entities/payment/payment.go:42.2,42.62 1 0
github.com/javiertelioz/clean_architecture/pkg/domain/entities/payment/payment.go:42.62,44.3 1 0
github.com/javiertelioz/clean_architecture/pkg/domain/entities/payment/payment.go:45.2,45.74 1 0
github.com/javiertelioz/clean_architecture/pkg/domain/entities/payment/payment.go:45.74,47.3 1 0
github.com/javiertelioz/clean_architecture/pkg/domain/entities/payment/payment.go:48.2,48.20 1 0
github.com/javiertelioz/clean_architecture/pkg/domain/entities/payment/payment.go:48.20,50.3 1 0
github.com/javiertelioz/clean_architecture/pkg/domain/entities/payment/payment.go:52.2,52.13 1 0
github.com/javiertelioz/clean_architecture/pkg/domain/entities/payment/value_object/amount.go:7.56,8.17 1 0
github.com/javiertelioz/clean_architecture/pkg/domain/entities/payment/value_object/amount.go:8.17,10.3 1 0
github.com/javiertelioz/clean_architecture/pkg/domain/entities/payment/value_object/amount.go:11.2,11.12 1 0
github.com/javiertelioz/clean_architecture/pkg/domain/entities/payment/value_object/method.go:11.56,12.45 1 0
github.com/javiertelioz/clean_architecture/pkg/domain/entities/payment/value_object/method.go:12.45,14.3 1 0
github.com/javiertelioz/clean_architecture/pkg/domain/entities/payment/value_object/method.go:15.2,15.12 1 0
github.com/javiertelioz/clean_architecture/pkg/domain/entities/payment/value_object/traceability.go:15.63,16.83 1 0
github.com/javiertelioz/clean_architecture/pkg/domain/entities/payment/value_object/traceability.go:16.83,18.3 1 0
github.com/javiertelioz/clean_architecture/pkg/domain/entities/payment/value_object/traceability.go:19.2,19.12 1 0
github.com/javiertelioz/clean_architecture/pkg/domain/entities/shared/domain_error.go:11.87,19.2 1 0
github.com/javiertelioz/clean_architecture/pkg/domain/entities/shared/domain_error.go:21.38,23.2 1 0
github.com/javiertelioz/clean_architecture/pkg/domain/entities/shared/validation_errors.go:9.51,11.2 1 0
github.com/javiertelioz/clean_architecture/pkg/domain/entities/shared/validation_errors.go:13.44,15.32 2 0
github.com/javiertelioz/clean_architecture/pkg/domain/entities/shared/validation_errors.go:15.32,17.3 1 0
github.com/javiertelioz/clean_architecture/pkg/domain/entities/shared/validation_errors.go:18.2,18.37 1 0
github.com/javiertelioz/clean_architecture/pkg/domain/entities/shared/validation_errors.go:21.46,23.2 1 0
github.com/javiertelioz/clean_architecture/pkg/domain/entities/shared/validation_errors.go:25.44,27.2 1 0
github.com/javiertelioz/clean_architecture/pkg/infrastructure/logger/zap_logger.go:19.41,38.16 3 3
github.com/javiertelioz/clean_architecture/pkg/infrastructure/logger/zap_logger.go:38.16,39.65 1 0
github.com/javiertelioz/clean_architecture/pkg/infrastructure/logger/zap_logger.go:42.2,42.35 1 3
github.com/javiertelioz/clean_architecture/pkg/infrastructure/logger/zap_logger.go:45.44,47.9 2 6
github.com/javiertelioz/clean_architecture/pkg/infrastructure/logger/zap_logger.go:47.9,49.3 1 0
github.com/javiertelioz/clean_architecture/pkg/infrastructure/logger/zap_logger.go:50.2,50.41 1 6
github.com/javiertelioz/clean_architecture/pkg/infrastructure/logger/zap_logger.go:53.39,55.2 1 3
github.com/javiertelioz/clean_architecture/pkg/infrastructure/logger/zap_logger.go:57.39,59.2 1 3
github.com/javiertelioz/clean_architecture/pkg/infrastructure/logger/zap_logger.go:61.38,63.2 1 0
github.com/javiertelioz/clean_architecture/pkg/infrastructure/logger/zap_logger.go:65.38,67.2 1 0
github.com/javiertelioz/clean_architecture/pkg/infrastructure/logger/zap_logger.go:69.39,71.2 1 0
github.com/javiertelioz/clean_architecture/pkg/infrastructure/routes/hello_router.go:16.75,22.2 2 3
github.com/javiertelioz/clean_architecture/pkg/infrastructure/routes/hello_router.go:24.44,28.2 2 3
github.com/javiertelioz/clean_architecture/pkg/infrastructure/routes/payments_router.go:13.81,19.2 2 0
github.com/javiertelioz/clean_architecture/pkg/infrastructure/routes/payments_router.go:21.45,29.2 2 0
github.com/javiertelioz/clean_architecture/pkg/interfaces/controllers/hello_controller.go:22.20,27.2 1 3
github.com/javiertelioz/clean_architecture/pkg/interfaces/controllers/hello_controller.go:40.80,51.16 8 3
github.com/javiertelioz/clean_architecture/pkg/interfaces/controllers/hello_controller.go:51.16,54.3 2 0
github.com/javiertelioz/clean_architecture/pkg/interfaces/controllers/payment_controller.go:16.91,20.2 1 0
github.com/javiertelioz/clean_architecture/pkg/interfaces/controllers/payment_controller.go:22.91,25.63 2 0
github.com/javiertelioz/clean_architecture/pkg/interfaces/controllers/payment_controller.go:25.63,28.3 2 0
github.com/javiertelioz/clean_architecture/pkg/interfaces/controllers/payment_controller.go:30.2,31.16 2 0
github.com/javiertelioz/clean_architecture/pkg/interfaces/controllers/payment_controller.go:31.16,34.3 2 0
github.com/javiertelioz/clean_architecture/pkg/interfaces/controllers/payment_controller.go:36.2,51.37 3 0
github.com/javiertelioz/clean_architecture/pkg/application/use_cases/hello/hello_use_case.go:11.38,13.2 1 1
github.com/javiertelioz/clean_architecture/pkg/application/use_cases/hello/hello_use_case.go:15.71,21.2 1 1
github.com/javiertelioz/clean_architecture/pkg/application/use_cases/hello/hello_use_case.go:11.38,13.2 1 0
github.com/javiertelioz/clean_architecture/pkg/application/use_cases/hello/hello_use_case.go:15.71,21.2 1 0
github.com/javiertelioz/clean_architecture/pkg/application/dto/payment/create_transaction_dto.go:25.75,35.34 2 5
github.com/javiertelioz/clean_architecture/pkg/application/dto/payment/create_transaction_dto.go:35.34,37.3 1 4
github.com/javiertelioz/clean_architecture/pkg/application/dto/payment/create_transaction_dto.go:39.2,39.13 1 5
github.com/javiertelioz/clean_architecture/pkg/application/use_cases/payment/create_payment_use_case.go:13.100,17.2 1 3
github.com/javiertelioz/clean_architecture/pkg/application/use_cases/payment/create_payment_use_case.go:19.100,23.21 3 3
github.com/javiertelioz/clean_architecture/pkg/application/use_cases/payment/create_payment_use_case.go:23.21,25.3 1 1
github.com/javiertelioz/clean_architecture/pkg/application/use_cases/payment/create_payment_use_case.go:27.2,28.16 2 2
github.com/javiertelioz/clean_architecture/pkg/application/use_cases/payment/create_payment_use_case.go:28.16,30.3 1 1
github.com/javiertelioz/clean_architecture/pkg/application/use_cases/payment/create_payment_use_case.go:32.2,32.28 1 1
github.com/javiertelioz/clean_architecture/pkg/domain/entities/payment/options.go:11.49,13.27 2 7
github.com/javiertelioz/clean_architecture/pkg/domain/entities/payment/options.go:13.27,15.3 1 48
github.com/javiertelioz/clean_architecture/pkg/domain/entities/payment/options.go:16.2,16.10 1 7
github.com/javiertelioz/clean_architecture/pkg/domain/entities/payment/options.go:19.38,20.26 1 2
github.com/javiertelioz/clean_architecture/pkg/domain/entities/payment/options.go:20.26,22.3 1 2
github.com/javiertelioz/clean_architecture/pkg/domain/entities/payment/options.go:25.59,26.26 1 7
github.com/javiertelioz/clean_architecture/pkg/domain/entities/payment/options.go:26.26,28.3 1 7
github.com/javiertelioz/clean_architecture/pkg/domain/entities/payment/options.go:31.46,32.26 1 7
github.com/javiertelioz/clean_architecture/pkg/domain/entities/payment/options.go:32.26,34.3 1 7
github.com/javiertelioz/clean_architecture/pkg/domain/entities/payment/options.go:37.59,38.26 1 7
github.com/javiertelioz/clean_architecture/pkg/domain/entities/payment/options.go:38.26,40.3 1 7
github.com/javiertelioz/clean_architecture/pkg/domain/entities/payment/options.go:43.70,44.26 1 0
github.com/javiertelioz/clean_architecture/pkg/domain/entities/payment/options.go:44.26,46.3 1 0
github.com/javiertelioz/clean_architecture/pkg/domain/entities/payment/options.go:49.57,50.26 1 4
github.com/javiertelioz/clean_architecture/pkg/domain/entities/payment/options.go:50.26,51.54 1 4
github.com/javiertelioz/clean_architecture/pkg/domain/entities/payment/options.go:51.54,53.4 1 0
github.com/javiertelioz/clean_architecture/pkg/domain/entities/payment/options.go:54.3,54.30 1 4
github.com/javiertelioz/clean_architecture/pkg/domain/entities/payment/options.go:58.62,59.26 1 7
github.com/javiertelioz/clean_architecture/pkg/domain/entities/payment/options.go:59.26,60.54 1 7
github.com/javiertelioz/clean_architecture/pkg/domain/entities/payment/options.go:60.54,62.4 1 7
github.com/javiertelioz/clean_architecture/pkg/domain/entities/payment/options.go:63.3,63.37 1 7
github.com/javiertelioz/clean_architecture/pkg/domain/entities/payment/options.go:67.66,68.26 1 7
github.com/javiertelioz/clean_architecture/pkg/domain/entities/payment/options.go:68.26,69.54 1 7
github.com/javiertelioz/clean_architecture/pkg/domain/entities/payment/options.go:69.54,71.4 1 1
github.com/javiertelioz/clean_architecture/pkg/domain/entities/payment/options.go:72.3,72.41 1 7
github.com/javiertelioz/clean_architecture/pkg/domain/entities/payment/options.go:76.66,77.26 1 7
github.com/javiertelioz/clean_architecture/pkg/domain/entities/payment/options.go:77.26,78.54 1 7
github.com/javiertelioz/clean_architecture/pkg/domain/entities/payment/options.go:78.54,80.4 1 1
github.com/javiertelioz/clean_architecture/pkg/domain/entities/payment/options.go:81.3,81.41 1 7
github.com/javiertelioz/clean_architecture/pkg/domain/entities/payment/payment.go:16.34,18.2 1 4
github.com/javiertelioz/clean_architecture/pkg/domain/entities/payment/payment.go:20.51,22.2 1 2
github.com/javiertelioz/clean_architecture/pkg/domain/entities/payment/payment.go:24.38,26.2 1 2
github.com/javiertelioz/clean_architecture/pkg/domain/entities/payment/payment.go:28.51,30.2 1 2
github.com/javiertelioz/clean_architecture/pkg/domain/entities/payment/payment.go:32.63,34.2 1 8
github.com/javiertelioz/clean_architecture/pkg/domain/entities/payment/payment.go:36.55,39.62 2 3
github.com/javiertelioz/clean_architecture/pkg/domain/entities/payment/payment.go:39.62,41.3 1 1
github.com/javiertelioz/clean_architecture/pkg/domain/entities/payment/payment.go:42.2,42.62 1 3
github.com/javiertelioz/clean_architecture/pkg/domain/entities/payment/payment.go:42.62,44.3 1 1
github.com/javiertelioz/clean_architecture/pkg/domain/entities/payment/payment.go:45.2,45.74 1 3
github.com/javiertelioz/clean_architecture/pkg/domain/entities/payment/payment.go:45.74,47.3 1 1
github.com/javiertelioz/clean_architecture/pkg/domain/entities/payment/payment.go:48.2,48.20 1 3
github.com/javiertelioz/clean_architecture/pkg/domain/entities/payment/payment.go:48.20,50.3 1 1
github.com/javiertelioz/clean_architecture/pkg/domain/entities/payment/payment.go:52.2,52.13 1 3
github.com/javiertelioz/clean_architecture/pkg/domain/entities/payment/value_object/amount.go:7.56,8.17 1 3
github.com/javiertelioz/clean_architecture/pkg/domain/entities/payment/value_object/amount.go:8.17,10.3 1 1
github.com/javiertelioz/clean_architecture/pkg/domain/entities/payment/value_object/amount.go:11.2,11.12 1 2
github.com/javiertelioz/clean_architecture/pkg/domain/entities/payment/value_object/method.go:11.56,12.45 1 3
github.com/javiertelioz/clean_architecture/pkg/domain/entities/payment/value_object/method.go:12.45,14.3 1 1
github.com/javiertelioz/clean_architecture/pkg/domain/entities/payment/value_object/method.go:15.2,15.12 1 2
github.com/javiertelioz/clean_architecture/pkg/domain/entities/payment/value_object/traceability.go:15.63,16.83 1 3
github.com/javiertelioz/clean_architecture/pkg/domain/entities/payment/value_object/traceability.go:16.83,18.3 1 1
github.com/javiertelioz/clean_architecture/pkg/domain/entities/payment/value_object/traceability.go:19.2,19.12 1 2
github.com/javiertelioz/clean_architecture/pkg/domain/entities/shared/domain_error.go:11.87,19.2 1 4
github.com/javiertelioz/clean_architecture/pkg/domain/entities/shared/domain_error.go:21.38,23.2 1 0
github.com/javiertelioz/clean_architecture/pkg/domain/entities/shared/validation_errors.go:9.51,11.2 1 4
github.com/javiertelioz/clean_architecture/pkg/domain/entities/shared/validation_errors.go:13.44,15.32 2 0
github.com/javiertelioz/clean_architecture/pkg/domain/entities/shared/validation_errors.go:15.32,17.3 1 0
github.com/javiertelioz/clean_architecture/pkg/domain/entities/shared/validation_errors.go:18.2,18.37 1 0
github.com/javiertelioz/clean_architecture/pkg/domain/entities/shared/validation_errors.go:21.46,23.2 1 0
github.com/javiertelioz/clean_architecture/pkg/domain/entities/shared/validation_errors.go:25.44,27.2 1 3
github.com/javiertelioz/clean_architecture/pkg/domain/entities/payment/options.go:11.49,13.27 2 3
github.com/javiertelioz/clean_architecture/pkg/domain/entities/payment/options.go:13.27,15.3 1 20
github.com/javiertelioz/clean_architecture/pkg/domain/entities/payment/options.go:16.2,16.10 1 3
github.com/javiertelioz/clean_architecture/pkg/domain/entities/payment/options.go:19.38,20.26 1 3
github.com/javiertelioz/clean_architecture/pkg/domain/entities/payment/options.go:20.26,22.3 1 3
github.com/javiertelioz/clean_architecture/pkg/domain/entities/payment/options.go:25.59,26.26 1 3
github.com/javiertelioz/clean_architecture/pkg/domain/entities/payment/options.go:26.26,28.3 1 3
github.com/javiertelioz/clean_architecture/pkg/domain/entities/payment/options.go:31.46,32.26 1 3
github.com/javiertelioz/clean_architecture/pkg/domain/entities/payment/options.go:32.26,34.3 1 3
github.com/javiertelioz/clean_architecture/pkg/domain/entities/payment/options.go:37.59,38.26 1 3
github.com/javiertelioz/clean_architecture/pkg/domain/entities/payment/options.go:38.26,40.3 1 3
github.com/javiertelioz/clean_architecture/pkg/domain/entities/payment/options.go:43.70,44.26 1 0
github.com/javiertelioz/clean_architecture/pkg/domain/entities/payment/options.go:44.26,46.3 1 0
github.com/javiertelioz/clean_architecture/pkg/domain/entities/payment/options.go:49.57,50.26 1 2
github.com/javiertelioz/clean_architecture/pkg/domain/entities/payment/options.go:50.26,51.54 1 2
github.com/javiertelioz/clean_architecture/pkg/domain/entities/payment/options.go:51.54,53.4 1 0
github.com/javiertelioz/clean_architecture/pkg/domain/entities/payment/options.go:54.3,54.30 1 2
github.com/javiertelioz/clean_architecture/pkg/domain/entities/payment/options.go:58.62,59.26 1 2
github.com/javiertelioz/clean_architecture/pkg/domain/entities/payment/options.go:59.26,60.54 1 2
github.com/javiertelioz/clean_architecture/pkg/domain/entities/payment/options.go:60.54,62.4 1 2
github.com/javiertelioz/clean_architecture/pkg/domain/entities/payment/options.go:63.3,63.37 1 2
github.com/javiertelioz/clean_architecture/pkg/domain/entities/payment/options.go:67.66,68.26 1 2
github.com/javiertelioz/clean_architecture/pkg/domain/entities/payment/options.go:68.26,69.54 1 2
github.com/javiertelioz/clean_architecture/pkg/domain/entities/payment/options.go:69.54,71.4 1 0
github.com/javiertelioz/clean_architecture/pkg/domain/entities/payment/options.go:72.3,72.41 1 2
github.com/javiertelioz/clean_architecture/pkg/domain/entities/payment/options.go:76.66,77.26 1 2
github.com/javiertelioz/clean_architecture/pkg/domain/entities/payment/options.go:77.26,78.54 1 2
github.com/javiertelioz/clean_architecture/pkg/domain/entities/payment/options.go:78.54,80.4 1 0
github.com/javiertelioz/clean_architecture/pkg/domain/entities/payment/options.go:81.3,81.41 1 2
github.com/javiertelioz/clean_architecture/pkg/domain/entities/payment/payment.go:16.34,18.2 1 1
github.com/javiertelioz/clean_architecture/pkg/domain/entities/payment/payment.go:20.51,22.2 1 1
github.com/javiertelioz/clean_architecture/pkg/domain/entities/payment/payment.go:24.38,26.2 1 1
github.com/javiertelioz/clean_architecture/pkg/domain/entities/payment/payment.go:28.51,30.2 1 1
github.com/javiertelioz/clean_architecture/pkg/domain/entities/payment/payment.go:32.63,34.2 1 1
github.com/javiertelioz/clean_architecture/pkg/domain/entities/payment/payment.go:36.55,39.62 2 2
github.com/javiertelioz/clean_architecture/pkg/domain/entities/payment/payment.go:39.62,41.3 1 1
github.com/javiertelioz/clean_architecture/pkg/domain/entities/payment/payment.go:42.2,42.62 1 2
github.com/javiertelioz/clean_architecture/pkg/domain/entities/payment/payment.go:42.62,44.3 1 1
github.com/javiertelioz/clean_architecture/pkg/domain/entities/payment/payment.go:45.2,45.74 1 2
github.com/javiertelioz/clean_architecture/pkg/domain/entities/payment/payment.go:45.74,47.3 1 1
github.com/javiertelioz/clean_architecture/pkg/domain/entities/payment/payment.go:48.2,48.20 1 2
github.com/javiertelioz/clean_architecture/pkg/domain/entities/payment/payment.go:48.20,50.3 1 1
github.com/javiertelioz/clean_architecture/pkg/domain/entities/payment/payment.go:52.2,52.13 1 2
github.com/javiertelioz/clean_architecture/pkg/domain/entities/payment/value_object/amount.go:7.56,8.17 1 2
github.com/javiertelioz/clean_architecture/pkg/domain/entities/payment/value_object/amount.go:8.17,10.3 1 1
github.com/javiertelioz/clean_architecture/pkg/domain/entities/payment/value_object/amount.go:11.2,11.12 1 1
github.com/javiertelioz/clean_architecture/pkg/domain/entities/payment/value_object/method.go:11.56,12.45 1 2
github.com/javiertelioz/clean_architecture/pkg/domain/entities/payment/value_object/method.go:12.45,14.3 1 1
github.com/javiertelioz/clean_architecture/pkg/domain/entities/payment/value_object/method.go:15.2,15.12 1 1
github.com/javiertelioz/clean_architecture/pkg/domain/entities/payment/value_object/traceability.go:15.63,16.83 1 2
github.com/javiertelioz/clean_architecture/pkg/domain/entities/payment/value_object/traceability.go:16.83,18.3 1 1
github.com/javiertelioz/clean_architecture/pkg/domain/entities/payment/value_object/traceability.go:19.2,19.12 1 1
github.com/javiertelioz/clean_architecture/pkg/domain/entities/shared/domain_error.go:11.87,19.2 1 4
github.com/javiertelioz/clean_architecture/pkg/domain/entities/shared/domain_error.go:21.38,23.2 1 0
github.com/javiertelioz/clean_architecture/pkg/domain/entities/shared/validation_errors.go:9.51,11.2 1 4
github.com/javiertelioz/clean_architecture/pkg/domain/entities/shared/validation_errors.go:13.44,15.32 2 0
github.com/javiertelioz/clean_architecture/pkg/domain/entities/shared/validation_errors.go:15.32,17.3 1 0
github.com/javiertelioz/clean_architecture/pkg/domain/entities/shared/validation_errors.go:18.2,18.37 1 0
github.com/javiertelioz/clean_architecture/pkg/domain/entities/shared/validation_errors.go:21.46,23.2 1 0
github.com/javiertelioz/clean_architecture/pkg/domain/entities/shared/validation_errors.go:25.44,27.2 1 1
